This is pdfTeX, Version 3.14159265-2.6-1.40.19 (MiKTeX 2.9.6800) (preloaded format=pdflatex 2018.8.28)  22 SEP 2018 13:39
entering extended mode
**./tchelinux.tex
(tchelinux.tex
LaTeX2e <2018-04-01> patch level 5
(/home/ric/.miktex/texmfs/install/tex/latex/base/book.cls
Document Class: book 2014/09/29 v1.4h Standard LaTeX document class
(/home/ric/.miktex/texmfs/install/tex/latex/base/bk10.clo
File: bk10.clo 2014/09/29 v1.4h Standard LaTeX file (size option)
)
\c@part=\count80
\c@chapter=\count81
\c@section=\count82
\c@subsection=\count83
\c@subsubsection=\count84
\c@paragraph=\count85
\c@subparagraph=\count86
\c@figure=\count87
\c@table=\count88
\abovecaptionskip=\skip41
\belowcaptionskip=\skip42
\bibindent=\dimen102
)
(/home/ric/.miktex/texmfs/install/tex/latex/float/float.sty
Package: float 2001/11/08 v1.3d Float enhancements (AL)
\c@float@type=\count89
\float@exts=\toks14
\float@box=\box26
\@float@everytoks=\toks15
\@floatcapt=\box27
)
(/home/ric/.miktex/texmfs/install/tex/latex/graphics/graphicx.sty
Package: graphicx 2017/06/01 v1.1a Enhanced LaTeX Graphics (DPC,SPQR)

(/home/ric/.miktex/texmfs/install/tex/latex/graphics/keyval.sty
Package: keyval 2014/10/28 v1.15 key=value parser (DPC)
\KV@toks@=\toks16
)
(/home/ric/.miktex/texmfs/install/tex/latex/graphics/graphics.sty
Package: graphics 2017/06/25 v1.2c Standard LaTeX Graphics (DPC,SPQR)

(/home/ric/.miktex/texmfs/install/tex/latex/graphics/trig.sty
Package: trig 2016/01/03 v1.10 sin cos tan (DPC)
)
(/home/ric/.miktex/texmfs/install/tex/latex/graphics-cfg/graphics.cfg
File: graphics.cfg 2016/06/04 v1.11 sample graphics configuration
)
Package graphics Info: Driver file: pdftex.def on input line 99.

(/home/ric/.miktex/texmfs/install/tex/latex/graphics-def/pdftex.def
File: pdftex.def 2018/01/08 v1.0l Graphics/color driver for pdftex
))
\Gin@req@height=\dimen103
\Gin@req@width=\dimen104
)
(/home/ric/.miktex/texmfs/install/tex/generic/babel/babel.sty
Package: babel 2018/06/05 3.22 The Babel package

(/home/ric/.miktex/texmfs/install/tex/generic/babel/switch.def
File: switch.def 2018/06/05 3.22 Babel switching mechanism
)
*************************************
* Local config file bblopts.cfg used
*
(/home/ric/.miktex/texmfs/install/tex/latex/arabi/bblopts.cfg
File: bblopts.cfg 2005/09/08 v0.1 add Arabic and Farsi to "declared" options of
 babel
)
(/home/ric/.miktex/texmfs/install/tex/latex/babel-portuges/portuges.ldf
Language: portuges 2008/03/18 v1.2q Portuguese support from the babel system

(/home/ric/.miktex/texmfs/install/tex/generic/babel/babel.def
File: babel.def 2018/06/05 3.22 Babel common definitions
\babel@savecnt=\count90
\U@D=\dimen105

(/home/ric/.miktex/texmfs/install/tex/generic/babel/txtbabel.def)
\bbl@dirlevel=\count91
)

Package babel Warning: No hyphenation patterns were preloaded for
(babel)                the language `Portuguese' into the format.
(babel)                Please, configure your TeX system to add them and
(babel)                rebuild the format. Now I will use the patterns
(babel)                preloaded for \language=0 instead on input line 55.

\l@portuges = a dialect from \language0
Package babel Info: Making " an active character on input line 145.
)) (/home/ric/.miktex/texmfs/install/tex/latex/base/fontenc.sty
Package: fontenc 2017/04/05 v2.0i Standard LaTeX package

(/home/ric/.miktex/texmfs/install/tex/latex/base/t1enc.def
File: t1enc.def 2017/04/05 v2.0i Standard LaTeX file
LaTeX Font Info:    Redeclaring font encoding T1 on input line 48.
))
(/home/ric/.miktex/texmfs/install/tex/latex/base/inputenc.sty
Package: inputenc 2018/04/06 v1.3b Input encoding file
\inpenc@prehook=\toks17
\inpenc@posthook=\toks18
)
(/home/ric/.miktex/texmfs/install/tex/latex/booktabs/booktabs.sty
Package: booktabs 2005/04/14 v1.61803 publication quality tables
\heavyrulewidth=\dimen106
\lightrulewidth=\dimen107
\cmidrulewidth=\dimen108
\belowrulesep=\dimen109
\belowbottomsep=\dimen110
\aboverulesep=\dimen111
\abovetopsep=\dimen112
\cmidrulesep=\dimen113
\cmidrulekern=\dimen114
\defaultaddspace=\dimen115
\@cmidla=\count92
\@cmidlb=\count93
\@aboverulesep=\dimen116
\@belowrulesep=\dimen117
\@thisruleclass=\count94
\@lastruleclass=\count95
\@thisrulewidth=\dimen118
)
(/home/ric/.miktex/texmfs/install/tex/latex/abntex2/abntex2cite.sty
Package: abntex2cite 2016/02/26 v-1.9.6 abnTeX2

(/home/ric/.miktex/texmfs/install/tex/latex/base/ifthen.sty
Package: ifthen 2014/09/29 v1.1c Standard LaTeX ifthen package (DPC)
)
(/home/ric/.miktex/texmfs/install/tex/latex/tools/calc.sty
Package: calc 2017/05/25 v4.3 Infix arithmetic (KKT,FJ)
\calc@Acount=\count96
\calc@Bcount=\count97
\calc@Adimen=\dimen119
\calc@Bdimen=\dimen120
\calc@Askip=\skip43
\calc@Bskip=\skip44
LaTeX Info: Redefining \setlength on input line 80.
LaTeX Info: Redefining \addtolength on input line 81.
\calc@Ccount=\count98
\calc@Cskip=\skip45
)
(/home/ric/.miktex/texmfs/install/tex/latex/abntex2/abntex2abrev.sty)
(/home/ric/.miktex/texmfs/install/tex/latex/setspace/setspace.sty
Package: setspace 2011/12/19 v6.7a set line spacing
)
(/home/ric/.miktex/texmfs/install/tex/latex/url/url.sty
\Urlmuskip=\muskip10
Package: url 2013/09/16  ver 3.4  Verb mode for urls, etc.
)
\minimumbiblabelwidth=\skip46
\ABCIauxlen=\skip47
\c@ABCIaux=\count99
\c@ABCImax=\count100

(/home/ric/.miktex/texmfs/install/tex/generic/oberdiek/ifpdf.sty
Package: ifpdf 2017/03/15 v3.2 Provides the ifpdf switch
)
(/home/ric/.miktex/texmfs/install/tex/generic/ifxetex/ifxetex.sty
Package: ifxetex 2010/09/12 v0.6 Provides ifxetex conditional
)
(/home/ric/.miktex/texmfs/install/tex/latex/relsize/relsize.sty
Package: relsize 2013/03/29 ver 4.1
)
\biblabelsep=\skip48
LaTeX Info: Redefining \newblock on input line 591.
LaTeX Info: Redefining \cite on input line 618.
\ABCItoken=\toks19
)
(tchelinux.aux)
\openout1 = `tchelinux.aux'.

LaTeX Font Info:    Checking defaults for OML/cmm/m/it on input line 25.
LaTeX Font Info:    ... okay on input line 25.
LaTeX Font Info:    Checking defaults for T1/cmr/m/n on input line 25.
LaTeX Font Info:    ... okay on input line 25.
LaTeX Font Info:    Checking defaults for OT1/cmr/m/n on input line 25.
LaTeX Font Info:    ... okay on input line 25.
LaTeX Font Info:    Checking defaults for OMS/cmsy/m/n on input line 25.
LaTeX Font Info:    ... okay on input line 25.
LaTeX Font Info:    Checking defaults for OMX/cmex/m/n on input line 25.
LaTeX Font Info:    ... okay on input line 25.
LaTeX Font Info:    Checking defaults for U/cmr/m/n on input line 25.
LaTeX Font Info:    ... okay on input line 25.

(/home/ric/.miktex/texmfs/install/tex/context/base/supp-pdf.mkii
[Loading MPS to PDF converter (version 2006.09.02).]
\scratchcounter=\count101
\scratchdimen=\dimen121
\scratchbox=\box28
\nofMPsegments=\count102
\nofMParguments=\count103
\everyMPshowfont=\toks20
\MPscratchCnt=\count104
\MPscratchDim=\dimen122
\MPnumerator=\count105
\makeMPintoPDFobject=\count106
\everyMPtoPDFconversion=\toks21
) (/home/ric/.miktex/texmfs/install/tex/latex/oberdiek/epstopdf-base.sty
Package: epstopdf-base 2016/05/15 v2.6 Base part for package epstopdf

(/home/ric/.miktex/texmfs/install/tex/generic/oberdiek/infwarerr.sty
Package: infwarerr 2016/05/16 v1.4 Providing info/warning/error messages (HO)
)
(/home/ric/.miktex/texmfs/install/tex/latex/oberdiek/grfext.sty
Package: grfext 2016/05/16 v1.2 Manage graphics extensions (HO)

(/home/ric/.miktex/texmfs/install/tex/generic/oberdiek/kvdefinekeys.sty
Package: kvdefinekeys 2016/05/16 v1.4 Define keys (HO)

(/home/ric/.miktex/texmfs/install/tex/generic/oberdiek/ltxcmds.sty
Package: ltxcmds 2016/05/16 v1.23 LaTeX kernel commands for general use (HO)
)))
(/home/ric/.miktex/texmfs/install/tex/latex/oberdiek/kvoptions.sty
Package: kvoptions 2016/05/16 v3.12 Key value format for package options (HO)

(/home/ric/.miktex/texmfs/install/tex/generic/oberdiek/kvsetkeys.sty
Package: kvsetkeys 2016/05/16 v1.17 Key value parser (HO)

(/home/ric/.miktex/texmfs/install/tex/generic/oberdiek/etexcmds.sty
Package: etexcmds 2016/05/16 v1.6 Avoid name clashes with e-TeX commands (HO)

(/home/ric/.miktex/texmfs/install/tex/generic/oberdiek/ifluatex.sty
Package: ifluatex 2016/05/16 v1.4 Provides the ifluatex switch (HO)
Package ifluatex Info: LuaTeX not detected.
)
Package etexcmds Info: Could not find \expanded.
(etexcmds)             That can mean that you are not using pdfTeX 1.50 or
(etexcmds)             that some package has redefined \expanded.
(etexcmds)             In the latter case, load this package earlier.
)))
(/home/ric/.miktex/texmfs/install/tex/generic/oberdiek/pdftexcmds.sty
Package: pdftexcmds 2018/01/30 v0.27 Utility functions of pdfTeX for LuaTeX (HO
)
Package pdftexcmds Info: LuaTeX not detected.
Package pdftexcmds Info: \pdf@primitive is available.
Package pdftexcmds Info: \pdf@ifprimitive is available.
Package pdftexcmds Info: \pdfdraftmode found.
)
Package epstopdf-base Info: Redefining graphics rule for `.eps' on input line 4
38.
Package grfext Info: Graphics extension search list:
(grfext)             [.pdf,.png,.jpg,.mps,.jpeg,.jbig2,.jb2,.PDF,.PNG,.JPG,.JPE
G,.JBIG2,.JB2,.eps]
(grfext)             \AppendGraphicsExtensions on input line 456.
)
LaTeX Font Info:    External font `cmex10' loaded for size
(Font)              <17.28> on input line 28.
LaTeX Font Info:    External font `cmex10' loaded for size
(Font)              <12> on input line 28.
LaTeX Font Info:    External font `cmex10' loaded for size
(Font)              <8> on input line 28.
LaTeX Font Info:    External font `cmex10' loaded for size
(Font)              <6> on input line 28.

[1


{/home/ric/.miktex/texmfs/data/pdftex/config/pdftex.map}] [2

] (tchelinux.toc
LaTeX Font Info:    External font `cmex10' loaded for size
(Font)              <7> on input line 2.
LaTeX Font Info:    External font `cmex10' loaded for size
(Font)              <5> on input line 2.
)
\tf@toc=\write3
\openout3 = `tchelinux.toc'.

[3]
Overfull \hbox (16.21991pt too wide) in paragraph at lines 48--49
[]\T1/cmr/m/n/10 A paixão pelo Software Livre assim como o desejo de compartilh
ar conhecimentos
 []


Overfull \hbox (22.22052pt too wide) in paragraph at lines 48--49
\T1/cmr/m/n/10 instituições educacionais do Rio Grande do Sul. Aproveitando a i
deia de voluntariado,
 []


Overfull \hbox (10.57983pt too wide) in paragraph at lines 50--51
\T1/cmr/m/n/10 1291 palestras foram assistidas por 10268 pessoas que doaram 162
95kg de alimentos
 []


Overfull \hbox (6.91772pt too wide) in paragraph at lines 52--53
[]\T1/cmr/m/n/10 Há muito trabalho a ser feito e todos são bem-vindos a partici
par do Tchelinuxe
 []


Overfull \hbox (17.66144pt too wide) in paragraph at lines 63--64
\T1/cmr/m/n/10 eventos são encorajados a doarem alimentos não-perecíveis para s
erem encaminhados
 []

LaTeX Font Info:    Try loading font information for OMS+cmr on input line 67.
(/home/ric/.miktex/texmfs/install/tex/latex/base/omscmr.fd
File: omscmr.fd 2014/09/29 v2.5h Standard LaTeX font definitions
)
LaTeX Font Info:    Font shape `OMS/cmr/m/n' in size <10> not available
(Font)              Font shape `OMS/cmsy/m/n' tried instead on input line 67.
<figura.png, id=15, 240.097pt x 302.731pt>
File: figura.png Graphic file (type png)
<use figura.png>
Package pdftex.def Info: figura.png  used on input line 80.
(pdftex.def)             Requested size: 240.0964pt x 302.73026pt.
 [4]
Overfull \hbox (4.37766pt too wide) in paragraph at lines 89--90
\T1/cmr/m/n/10 Linux. Muitas das sugestões eram paródias ao logotipo de um sist
ema operacional
 []


Overfull \hbox (7.36206pt too wide) in paragraph at lines 93--94
[]\T1/cmr/m/n/10 Em resposta, Linus Torvalds declarou que achava interessante q
ue esse pinguim
 []


Overfull \hbox (7.63611pt too wide) in paragraph at lines 93--94
\T1/cmr/m/n/10 tivesse uma imagem simples: um pinguim "gordinho"e com expressão
 de satisfeito,
 []

[5 <./figura.png>]
Overfull \hbox (17.27264pt too wide) in paragraph at lines 99--101
\T1/cmr/m/n/10 filhote, mais magro, um menino em forma de pinguim, corajoso, e 
com características
 []

(tchelinux.bbl [6]) [7

] (tchelinux.aux) ) 
Here is how much of TeX's memory you used:
 3004 strings out of 494891
 41117 string characters out of 3178793
 106788 words of memory out of 3000000
 6554 multiletter control sequences out of 15000+200000
 16499 words of font info for 38 fonts, out of 3000000 for 9000
 0 hyphenation exceptions out of 8191
 41i,7n,25p,597b,368s stack positions out of 5000i,500n,10000p,200000b,50000s
 </home/ric/.miktex/texmfs/data/fonts/pk/ljfour/jknappen/ec/
dpi600/ecbx1200.pk> </home/ric/.miktex/texmfs/data/fonts/pk/ljfour/jknappen/ec/
dpi600/ecti1000.pk> </home/ric/.miktex/texmfs/data/fonts/pk/ljfour/jknappen/ec/
dpi600/ecbx1000.pk> </home/ric/.miktex/texmfs/data/fonts/pk/ljfour/jknappen/ec/
dpi600/ecrm0700.pk> </home/ric/.miktex/texmfs/data/fonts/pk/ljfour/jknappen/ec/
dpi600/ecbx1440.pk> </home/ric/.miktex/texmfs/data/fonts/pk/ljfour/jknappen/ec/
dpi600/ecsl1000.pk> </home/ric/.miktex/texmfs/data/fonts/pk/ljfour/jknappen/ec/
dpi600/ecbx2488.pk> </home/ric/.miktex/texmfs/data/fonts/pk/ljfour/jknappen/ec/
dpi600/ecrm1000.pk> </home/ric/.miktex/texmfs/data/fonts/pk/ljfour/jknappen/ec/
dpi600/ecrm1200.pk> </home/ric/.miktex/texmfs/data/fonts/pk/ljfour/jknappen/ec/
dpi600/ecrm1728.pk></home/ric/.miktex/texmfs/install/fonts/type1/public/amsfont
s/cm/cmmi10.pfb></home/ric/.miktex/texmfs/install/fonts/type1/public/amsfonts/c
m/cmr10.pfb></home/ric/.miktex/texmfs/install/fonts/type1/public/amsfonts/cm/cm
r7.pfb></home/ric/.miktex/texmfs/install/fonts/type1/public/amsfonts/cm/cmsy10.
pfb>
Output written on tchelinux.pdf (7 pages, 190684 bytes).
PDF statistics:
 311 PDF objects out of 1000 (max. 8388607)
 0 named destinations out of 1000 (max. 500000)
 6 words of extra memory for PDF output out of 10000 (max. 10000000)

